<?xml version="1.0" encoding="UTF-8"?>
<!-- Generated by org.testng.reporters.JUnitReportReporter -->
<testsuite hostname="LAPTOP-L57HJ0DS" failures="0" tests="1" name="Test.RishiHerbalIndiaTest" time="14.197" errors="0" timestamp="2024-02-13T22:26:56 IST" skipped="0">
  <testcase classname="Test.RishiHerbalIndiaTest" name="test" time="14.197"/>
  <system-out/>
</testsuite> <!-- Test.RishiHerbalIndiaTest -->
